-------------------------------------------------------------------------------
Test set: org.newsanalyzer.apitests.integration.EntityValidationWorkflowTest
-------------------------------------------------------------------------------
Tests run: 5, Failures: 1, Errors: 0, Skipped: 0, Time elapsed: 2.285 s <<< FAILURE! -- in org.newsanalyzer.apitests.integration.EntityValidationWorkflowTest
org.newsanalyzer.apitests.integration.EntityValidationWorkflowTest.shouldMaintainDataConsistency_afterValidation -- Time elapsed: 0.443 s <<< FAILURE!
org.opentest4j.AssertionFailedError: 
[Entity name should be consistent] 
expected: "Test Agency cc3847bb"
 but was: "Test Agency"
	at java.base/jdk.internal.reflect.NativeConstructorAccessorImpl.newInstance0(Native Method)
	at java.base/jdk.internal.reflect.NativeConstructorAccessorImpl.newInstance(NativeConstructorAccessorImpl.java:77)
	at java.base/jdk.internal.reflect.DelegatingConstructorAccessorImpl.newInstance(DelegatingConstructorAccessorImpl.java:45)
	at java.base/java.lang.reflect.Constructor.newInstanceWithCaller(Constructor.java:499)
	at org.newsanalyzer.apitests.integration.EntityValidationWorkflowTest.shouldMaintainDataConsistency_afterValidation(EntityValidationWorkflowTest.java:297)
	at java.base/java.lang.reflect.Method.invoke(Method.java:568)
	at java.base/java.util.ArrayList.forEach(ArrayList.java:1511)
	at java.base/java.util.ArrayList.forEach(ArrayList.java:1511)

