<?xml version="1.0" encoding="UTF-8"?>
<testsuite xmlns:xsi="http://www.w3.org/2001/XMLSchema-instance" xsi:noNamespaceSchemaLocation="https://maven.apache.org/surefire/maven-surefire-plugin/xsd/surefire-test-report-3.0.xsd" version="3.0" name="org.newsanalyzer.apitests.integration.EntityValidationWorkflowTest" time="2.285" tests="5" errors="0" skipped="0" failures="1">
  <properties>
[...]
</properties>
  <testcase name="shouldValidateAndLinkEntity_toGovernmentOrg" classname="org.newsanalyzer.apitests.integration.EntityValidationWorkflowTest" time="0.304">
    <system-out><![CDATA[============================================================
API Test Configuration
============================================================
Profile: local
Backend URL: http://localhost:8080
Reasoning URL: http://localhost:8000
Timeout: 30 seconds
============================================================
------------------------------------------------------------
Integration Test Configuration
------------------------------------------------------------
Cross-service integration tests enabled
Backend URL: http://localhost:8080
Reasoning URL: http://localhost:8000
------------------------------------------------------------

[TEST] shouldValidateAndLinkEntity_toGovernmentOrg
  [TIMING] Create Gov Org: 23 ms
  Gov org may already exist, searching...
  Found existing gov org: 21fe4adb-02b7-4184-8b83-e83be90a6d29
  [TIMING] Entity Extraction: 29 ms
  Extracted 1 entities
  [TIMING] Create Entity: 40 ms
  Created entity: e36eafd0-7c6b-43c1-b8de-033ef4aff33a
  [TIMING] Entity Validation: 38 ms
  Validation status: 200
  Validation result: valid=true
  Matched organization: Environmental Protection Agency

  [TIMING SUMMARY]
  ----------------------------------------
  Create Gov Org                     23 ms
  Entity Extraction                  29 ms
  Create Entity                      40 ms
  Entity Validation                  38 ms
  ----------------------------------------
  TOTAL                             130 ms

]]></system-out>
  </testcase>
  <testcase name="shouldMaintainDataConsistency_afterValidation" classname="org.newsanalyzer.apitests.integration.EntityValidationWorkflowTest" time="0.443">
    <failure message="[Entity name should be consistent] &#10;expected: &quot;Test Agency cc3847bb&quot;&#10; but was: &quot;Test Agency&quot;" type="org.opentest4j.AssertionFailedError"><![CDATA[org.opentest4j.AssertionFailedError: 
[Entity name should be consistent] 
expected: "Test Agency cc3847bb"
 but was: "Test Agency"
	at java.base/jdk.internal.reflect.NativeConstructorAccessorImpl.newInstance0(Native Method)
	at java.base/jdk.internal.reflect.NativeConstructorAccessorImpl.newInstance(NativeConstructorAccessorImpl.java:77)
	at java.base/jdk.internal.reflect.DelegatingConstructorAccessorImpl.newInstance(DelegatingConstructorAccessorImpl.java:45)
	at java.base/java.lang.reflect.Constructor.newInstanceWithCaller(Constructor.java:499)
	at org.newsanalyzer.apitests.integration.EntityValidationWorkflowTest.shouldMaintainDataConsistency_afterValidation(EntityValidationWorkflowTest.java:297)
	at java.base/java.lang.reflect.Method.invoke(Method.java:568)
	at java.base/java.util.ArrayList.forEach(ArrayList.java:1511)
	at java.base/java.util.ArrayList.forEach(ArrayList.java:1511)
]]></failure>
    <system-out><![CDATA[
[TEST] shouldMaintainDataConsistency_afterValidation
  [TIMING] Create Entity: 57 ms
  [TIMING] Validate Entity: 232 ms
  Validation status: 200
  [TIMING] Retrieve Entity: 25 ms
  Retrieved name: Test Agency
  Retrieved type: GOVERNMENT_ORG
]]></system-out>
  </testcase>
  <testcase name="shouldValidateMultipleEntities_fromArticle" classname="org.newsanalyzer.apitests.integration.EntityValidationWorkflowTest" time="1.347">
    <system-out><![CDATA[
[TEST] shouldValidateMultipleEntities_fromArticle
  [TIMING] Setup Gov Org: 17 ms
  [TIMING] Extract and Store: 409 ms
  Extracted and stored: 6 entities
  Matched: the Environmental Protection Agency's
  Matched: EPA
  Matched: The Department of Justice
  [TIMING] Batch Validation: 609 ms
  Validated: 4 government entities
  Matched: 3 to master data

  [TIMING SUMMARY]
  ----------------------------------------
  Setup Gov Org                      17 ms
  Extract and Store                 409 ms
  Batch Validation                  609 ms
  ----------------------------------------
  TOTAL                            1035 ms

]]></system-out>
  </testcase>
  <testcase name="shouldStandardizeName_whenLinkedToGovOrg" classname="org.newsanalyzer.apitests.integration.EntityValidationWorkflowTest" time="0.096">
    <system-out><![CDATA[
[TEST] shouldStandardizeName_whenLinkedToGovOrg
  [TIMING] Create Gov Org: 15 ms
  [TIMING] Validate Entity: 45 ms
  Validation response status: 200
  Validation result: {valid=true, applicable=true, confidence=1.0, matchType=exact, matchedOrganization={id=c6481e45-6c16-4c3d-a92f-67531aaae6c0, officialName=Environmental Protection Agency, acronym=EPA, formerNames=null, orgType=independent_agency, branch=executive, parentId=null, orgLevel=1, establishedDate=1970-12-02, dissolvedDate=null, authorizingLegislation=null, missionStatement=null, description=null, websiteUrl=https://www.epa.gov, contactInfo=null, jurisdictionAreas=[environmental_protection, pollution_control, clean_air, clean_water], primaryFunctions=null, metadata=null, schemaOrgData=null, govinfoPackageId=null, govinfoYear=null, govinfoLastSync=null, dataQualityScore=1.0, createdAt=2025-11-22T09:36:13, updatedAt=2025-11-30T17:47:10, createdBy=seed_data, updatedBy=system, active=true, displayName=EPA, independentAgency=true, cabinetDepartment=false, fullNameWithAcronym=Environmental Protection Agency (EPA), topLevel=true}, suggestions=[]}
  Standardized name: Environmental Protection Agency

  [TIMING SUMMARY]
  ----------------------------------------
  Create Gov Org                     15 ms
  Validate Entity                    45 ms
  ----------------------------------------
  TOTAL                              60 ms

]]></system-out>
  </testcase>
  <testcase name="shouldNotLink_whenNoMatchingGovOrg" classname="org.newsanalyzer.apitests.integration.EntityValidationWorkflowTest" time="0.049">
    <system-out><![CDATA[
[TEST] shouldNotLink_whenNoMatchingGovOrg
  [TIMING] Validate Non-Gov Entity: 17 ms
  Validation status: 200
  Matched ID: null
  Confidence: 0.0

  [TIMING SUMMARY]
  ----------------------------------------
  Validate Non-Gov Entity            17 ms
  ----------------------------------------
  TOTAL                              17 ms

]]></system-out>
  </testcase>
</testsuite>