<?xml version="1.0" encoding="UTF-8"?>
<testsuite xmlns:xsi="http://www.w3.org/2001/XMLSchema-instance" xsi:noNamespaceSchemaLocation="https://maven.apache.org/surefire/maven-surefire-plugin/xsd/surefire-test-report-3.0.xsd" version="3.0" name="org.newsanalyzer.apitests.integration.PerformanceTest" time="15.734" tests="6" errors="0" skipped="0" failures="0">
  <properties>
[...]
</properties>
  <testcase name="shouldMaintainPerformance_underLoad" classname="org.newsanalyzer.apitests.integration.PerformanceTest" time="2.177">
    <system-out><![CDATA[============================================================
API Test Configuration
============================================================
Profile: local
Backend URL: http://localhost:8080
Reasoning URL: http://localhost:8000
Timeout: 30 seconds
============================================================
------------------------------------------------------------
Integration Test Configuration
------------------------------------------------------------
Cross-service integration tests enabled
Backend URL: http://localhost:8080
Reasoning URL: http://localhost:8000
------------------------------------------------------------

[TEST] shouldMaintainPerformance_underLoad

  Performance Statistics (20 requests):
    Min: 23 ms
    Max: 59 ms
    Avg: 42.75 ms
    Total: 855 ms
    First 5 avg: 43.60 ms
    Last 5 avg: 44.20 ms
    Degradation: 1.4%
]]></system-out>
  </testcase>
  <testcase name="shouldCompleteExtractionWorkflow_underTimeLimit" classname="org.newsanalyzer.apitests.integration.PerformanceTest" time="0.039">
    <system-out><![CDATA[
[TEST] shouldCompleteExtractionWorkflow_underTimeLimit
  Threshold: 2000 ms
  Duration: 28 ms
  Status: 200
  Entities extracted: 1

======================================================================
PERFORMANCE REPORT
======================================================================
Metric                                Duration  Threshold     Status
----------------------------------------------------------------------
Single Extraction                         28 ms     2000 ms       PASS
======================================================================
]]></system-out>
  </testcase>
  <testcase name="shouldMeetThresholds_forEachPipelineStep" classname="org.newsanalyzer.apitests.integration.PerformanceTest" time="1.17">
    <system-out><![CDATA[
[TEST] shouldMeetThresholds_forEachPipelineStep

  Step 1: Extraction
    Duration: 30 ms (threshold: 2000 ms)

  Step 2: Storage
    Duration: 27 ms (threshold: 500 ms)

  Step 3: Validation
    Duration: 40 ms (threshold: 1000 ms)

  Step 4: OWL Reasoning
    Duration: 1010 ms (threshold: 3000 ms)

  Total pipeline time: 1107 ms

======================================================================
PERFORMANCE REPORT
======================================================================
Metric                                Duration  Threshold     Status
----------------------------------------------------------------------
Extraction Step                           30 ms     2000 ms       PASS
Storage Step                              27 ms      500 ms       PASS
Validation Step                           40 ms     1000 ms       PASS
Reasoning Step                          1010 ms     3000 ms       PASS
Total Pipeline                          1107 ms     5000 ms       PASS
======================================================================
]]></system-out>
  </testcase>
  <testcase name="shouldCompleteStorageWorkflow_underTimeLimit" classname="org.newsanalyzer.apitests.integration.PerformanceTest" time="0.119">
    <system-out><![CDATA[
[TEST] shouldCompleteStorageWorkflow_underTimeLimit
  Threshold: 500 ms
  Duration: 43 ms
  Status: 201

======================================================================
PERFORMANCE REPORT
======================================================================
Metric                                Duration  Threshold     Status
----------------------------------------------------------------------
Single Storage                            43 ms      500 ms       PASS
======================================================================
]]></system-out>
  </testcase>
  <testcase name="shouldHaveConsistentReasoningPerformance" classname="org.newsanalyzer.apitests.integration.PerformanceTest" time="10.541">
    <system-out><![CDATA[
[TEST] shouldHaveConsistentReasoningPerformance
    Request 1: 1186 ms, status: 200
    Request 2: 896 ms, status: 200
    Request 3: 986 ms, status: 200
    Request 4: 1055 ms, status: 200
    Request 5: 883 ms, status: 200
    Request 6: 1290 ms, status: 200
    Request 7: 894 ms, status: 200
    Request 8: 941 ms, status: 200
    Request 9: 1036 ms, status: 200
    Request 10: 1352 ms, status: 200

  Reasoning Performance Statistics:
    Min: 883 ms
    Max: 1352 ms
    Avg: 1051.90 ms
    Std Dev: 161.06 ms

======================================================================
PERFORMANCE REPORT
======================================================================
Metric                                Duration  Threshold     Status
----------------------------------------------------------------------
Reasoning Avg                           1051 ms     3000 ms       PASS
======================================================================
]]></system-out>
  </testcase>
  <testcase name="shouldCompleteBatchProcessing_underTimeLimit" classname="org.newsanalyzer.apitests.integration.PerformanceTest" time="1.653">
    <system-out><![CDATA[
[TEST] shouldCompleteBatchProcessing_underTimeLimit
  Threshold: 30000 ms
  Batch duration: 1110 ms
  Successful: 10/10
  Total entities: 10
  Average per text: 111 ms

======================================================================
PERFORMANCE REPORT
======================================================================
Metric                                Duration  Threshold     Status
----------------------------------------------------------------------
Batch Processing (10 texts)             1110 ms    30000 ms       PASS
======================================================================
]]></system-out>
  </testcase>
</testsuite>