<?xml version="1.0" encoding="UTF-8"?>
<testsuite xmlns:xsi="http://www.w3.org/2001/XMLSchema-instance" xsi:noNamespaceSchemaLocation="https://maven.apache.org/surefire/maven-surefire-plugin/xsd/surefire-test-report-3.0.xsd" version="3.0" name="org.newsanalyzer.apitests.integration.FullPipelineWorkflowTest" time="23.663" tests="4" errors="0" skipped="0" failures="0">
  <properties>
[...]
</properties>
  <testcase name="shouldProcessMultipleEntityTypes_inSingleArticle" classname="org.newsanalyzer.apitests.integration.FullPipelineWorkflowTest" time="7.894">
    <system-out><![CDATA[============================================================
API Test Configuration
============================================================
Profile: local
Backend URL: http://localhost:8080
Reasoning URL: http://localhost:8000
Timeout: 30 seconds
============================================================
------------------------------------------------------------
Integration Test Configuration
------------------------------------------------------------
Cross-service integration tests enabled
Backend URL: http://localhost:8080
Reasoning URL: http://localhost:8000
------------------------------------------------------------

[TEST] shouldProcessMultipleEntityTypes_inSingleArticle
  [TIMING] Full Pipeline Execution: 7349 ms
  Pipeline success: true
  Extracted: 6 entities
  Stored: 6 entities
    PERSON: Joe Biden
    GOVERNMENT_ORG: Environmental Protection Agency
    PERSON: Michael Regan
    LOCATION: Washington DC
    GOVERNMENT_ORG: Environmental Protection Agency
    GOVERNMENT_ORG: Department of Energy

  Entity Pipeline Results:
    Entity: 76af2fb7...
      Validation: true
      Linking: false
      Enrichment: true
    Entity: 52c0aa9b...
      Validation: true
      Linking: false
      Enrichment: true
    Entity: 3f4eb53a...
      Validation: true
      Linking: false
      Enrichment: true
    Entity: 6948ab70...
      Validation: true
      Linking: false
      Enrichment: true
    Entity: 543a183f...
      Validation: true
      Linking: false
      Enrichment: true
    Entity: 96280b93...
      Validation: true
      Linking: false
      Enrichment: true

  [TIMING SUMMARY]
  ----------------------------------------
  Full Pipeline Execution          7349 ms
  ----------------------------------------
  TOTAL                            7349 ms

]]></system-out>
  </testcase>
  <testcase name="shouldProcessArticle_extractValidateLinkEnrich" classname="org.newsanalyzer.apitests.integration.FullPipelineWorkflowTest" time="7.748">
    <system-out><![CDATA[
[TEST] shouldProcessArticle_extractValidateLinkEnrich
============================================================
Input Article:
Senator Elizabeth Warren (D-MA) criticized the Environmental Protection Agency's
decision to roll back emissions standards during a Senate hearing yesterday.
The EPA, led by Administrator Michael Regan, defended the changes as necessary
for economic recovery. The Department of Justice is reviewing the legality of
the new regulations.

============================================================

[STEP 1] Extracting entities...
  [TIMING] Step 1: Extraction: 51 ms
  Extracted 6 entities
    - Elizabeth Warren (person)
    - the Environmental Protection Agency's (government_org)
    - Senate (government_org)
    - EPA (government_org)
    - Michael Regan (person)
    - The Department of Justice (government_org)

[STEP 2] Storing entities in backend...
    Stored: Elizabeth Warren -> d57a9d8d-0454-41eb-8713-3d8a36034c72
    Stored: the Environmental Protection Agency's -> 86822782-b33a-4800-a9d4-5237bba88de2
    Stored: Senate -> e3b2125d-463b-4390-89f5-327a6ad09ba4
    Stored: EPA -> c05bf0e0-6b67-45c4-a8db-d02c4319b129
    Stored: Michael Regan -> 139d75cc-8fa1-4118-8696-eb3037fd382b
    Stored: The Department of Justice -> 77cbf775-caa1-49d2-9a0e-556b10f78676
  [TIMING] Step 2: Storage: 322 ms
  Stored 6/6 entities

[STEP 3] Validating gov org entities...
  [TIMING] Step 3: Validation: 721 ms
  Validated 4 gov org entities, 0 matched

[STEP 4] Linking to external knowledge bases...
  [TIMING] Step 4: External Linking: 187 ms
  Linked 0/6 entities

[STEP 5] Applying OWL reasoning...
  [TIMING] Step 5: OWL Reasoning: 5848 ms
  Enriched 6/6 entities
  Total inferred triples: 18

[STEP 6] Verifying final state...
    Final: Elizabeth Warren (PERSON)
    Final: the Environmental Protection Agency's (GOVERNMENT_ORG)
    Final: Senate (GOVERNMENT_ORG)
    Final: EPA (GOVERNMENT_ORG)
    Final: Michael Regan (PERSON)
    Final: The Department of Justice (GOVERNMENT_ORG)
  [TIMING] Step 6: Verification: 258 ms

============================================================
PIPELINE COMPLETE
  Total time: 7406 ms
  Entities processed: 6
============================================================

  [TIMING SUMMARY]
  ----------------------------------------
  Step 1: Extraction                 51 ms
  Step 2: Storage                   322 ms
  Step 3: Validation                721 ms
  Step 4: External Linking          187 ms
  Step 5: OWL Reasoning            5848 ms
  Step 6: Verification              258 ms
  ----------------------------------------
  TOTAL                            7387 ms

]]></system-out>
  </testcase>
  <testcase name="shouldPreserveSchemaOrgData_endToEnd" classname="org.newsanalyzer.apitests.integration.FullPipelineWorkflowTest" time="0.193">
    <system-out><![CDATA[
[TEST] shouldPreserveSchemaOrgData_endToEnd
  [TIMING] Extraction: 27 ms
  Original Schema.org type: GovernmentOrganization
  [TIMING] Storage: 59 ms
  [TIMING] Retrieval: 17 ms
  Stored Schema.org type: GovernmentOrganization
  Schema data preserved: true

  [TIMING SUMMARY]
  ----------------------------------------
  Extraction                         27 ms
  Storage                            59 ms
  Retrieval                          17 ms
  ----------------------------------------
  TOTAL                             103 ms

]]></system-out>
  </testcase>
  <testcase name="shouldCompleteWithinTimeThreshold" classname="org.newsanalyzer.apitests.integration.FullPipelineWorkflowTest" time="7.79">
    <system-out><![CDATA[
[TEST] shouldCompleteWithinTimeThreshold
  [TIMING] Complete Pipeline: 7454 ms
  Total pipeline time: 7454 ms
  Threshold: 30000 ms

  [TIMING SUMMARY]
  ----------------------------------------
  Complete Pipeline                7454 ms
  ----------------------------------------
  TOTAL                            7454 ms

]]></system-out>
  </testcase>
</testsuite>