<?xml version="1.0" encoding="UTF-8"?>
<testsuite xmlns:xsi="http://www.w3.org/2001/XMLSchema-instance" xsi:noNamespaceSchemaLocation="https://maven.apache.org/surefire/maven-surefire-plugin/xsd/surefire-test-report-3.0.xsd" version="3.0" name="org.newsanalyzer.apitests.backend.GovOrgSyncTest$ErrorHandlingTests" time="0.672" tests="2" errors="0" skipped="0" failures="0">
  <properties>
[...]
</properties>
  <testcase name="shouldHandleSyncGracefullyWhenApiReturnsEmpty" classname="org.newsanalyzer.apitests.backend.GovOrgSyncTest$ErrorHandlingTests" time="0.494">
    <system-out><![CDATA[============================================================
API Test Configuration
============================================================
Profile: local
Backend URL: http://localhost:8080
Reasoning URL: http://localhost:8000
Timeout: 30 seconds
============================================================
]]></system-out>
  </testcase>
  <testcase name="shouldReturnErrorMessagesInErrorResponse" classname="org.newsanalyzer.apitests.backend.GovOrgSyncTest$ErrorHandlingTests" time="0.176"/>
</testsuite>